[2025-04-12 09:56:15] Company Controller Profile Method - Company ID: 2, Session: Array
(
    [csrf_token] => dee64ba4fb5d0b913b0de98d9dbf92d670c802d8d172e7f0d3f829ff61e150bb
    [user_id] => 2
    [role] => company
    [user_name] => Thessdrive IKE
)

[2025-04-12 09:56:15] Company Data Retrieved: Array
(
    [id] => 2
    [email] => info@thessdrive.gr
    [password] => $2y$10$Zscjuuz7ScI25i1Wl35qce5nrUc8itkV7IecVLiIf9Siig58mtqTa
    [company_name] => Thessdrive IKE
    [phone] => 2310529803
    [address] => Κλαυδιανου
    [is_verified] => 1
    [created_at] => 2025-04-09 22:10:27
    [description] => 
    [website] => https://www.thessdrive.gr/
    [city] => Θεσσαλονίκη
    [country] => Ελλάδα
    [postal_code] => 54632
    [contact_person] => Κώστας Μιχαηλίδης
    [position] => Διευθυντής
    [vat_number] => 999476150
    [company_size] => 1-10 εργαζόμενοι
    [foundation_year] => 1997
    [industry] => Μεταφορές & Logistics
    [company_logo] => uploads/company_logos/2_1744264679_t_180x180.png
    [social_linkedin] => 
    [social_facebook] => 
    [social_twitter] => 
    [rating] => 
    [rating_count] => 0
    [last_login] => 2025-04-12 09:54:29
)

[2025-04-12 09:56:15] View Path: C:\wamp64\www\drivejob/src/Views/companies/profile.php, Exists: Yes
[2025-04-12 09:56:21] Company Controller Profile Method - Company ID: 2, Session: Array
(
    [csrf_token] => 19e09253f5a8e6549704facb5bd1197021eec010a665967eb241de0db52b9335
    [user_id] => 2
    [role] => company
    [user_name] => Thessdrive IKE
)

[2025-04-12 09:56:21] Company Data Retrieved: Array
(
    [id] => 2
    [email] => info@thessdrive.gr
    [password] => $2y$10$Zscjuuz7ScI25i1Wl35qce5nrUc8itkV7IecVLiIf9Siig58mtqTa
    [company_name] => Thessdrive IKE
    [phone] => 2310529803
    [address] => Κλαυδιανου
    [is_verified] => 1
    [created_at] => 2025-04-09 22:10:27
    [description] => 
    [website] => https://www.thessdrive.gr/
    [city] => Θεσσαλονίκη
    [country] => Ελλάδα
    [postal_code] => 54632
    [contact_person] => Κώστας Μιχαηλίδης
    [position] => Διευθυντής
    [vat_number] => 999476150
    [company_size] => 1-10 εργαζόμενοι
    [foundation_year] => 1997
    [industry] => Μεταφορές & Logistics
    [company_logo] => uploads/company_logos/2_1744264679_t_180x180.png
    [social_linkedin] => 
    [social_facebook] => 
    [social_twitter] => 
    [rating] => 
    [rating_count] => 0
    [last_login] => 2025-04-12 09:54:29
)

[2025-04-12 09:56:21] View Path: C:\wamp64\www\drivejob/src/Views/companies/profile.php, Exists: Yes
[2025-04-12 09:56:24] Company Controller Profile Method - Company ID: 2, Session: Array
(
    [csrf_token] => d4fe4f43b9c0f510f3eee2bc4aa5689680804f5fba22e149d881286360134160
    [user_id] => 2
    [role] => company
    [user_name] => Thessdrive IKE
)

[2025-04-12 09:56:24] Company Data Retrieved: Array
(
    [id] => 2
    [email] => info@thessdrive.gr
    [password] => $2y$10$Zscjuuz7ScI25i1Wl35qce5nrUc8itkV7IecVLiIf9Siig58mtqTa
    [company_name] => Thessdrive IKE
    [phone] => 2310529803
    [address] => Κλαυδιανου
    [is_verified] => 1
    [created_at] => 2025-04-09 22:10:27
    [description] => 
    [website] => https://www.thessdrive.gr/
    [city] => Θεσσαλονίκη
    [country] => Ελλάδα
    [postal_code] => 54632
    [contact_person] => Κώστας Μιχαηλίδης
    [position] => Διευθυντής
    [vat_number] => 999476150
    [company_size] => 1-10 εργαζόμενοι
    [foundation_year] => 1997
    [industry] => Μεταφορές & Logistics
    [company_logo] => uploads/company_logos/2_1744264679_t_180x180.png
    [social_linkedin] => 
    [social_facebook] => 
    [social_twitter] => 
    [rating] => 
    [rating_count] => 0
    [last_login] => 2025-04-12 09:54:29
)

[2025-04-12 09:56:24] View Path: C:\wamp64\www\drivejob/src/Views/companies/profile.php, Exists: Yes
[2025-04-12 10:00:28] Company Controller Profile Method - Company ID: 2, Session: Array
(
    [csrf_token] => 2445c67ba4230a467db15c9a94a9781279077edcc5b068426f7f91be57c21b83
    [user_id] => 2
    [role] => company
    [user_name] => Thessdrive IKE
)

[2025-04-12 10:00:28] Company Data Retrieved: Array
(
    [id] => 2
    [email] => info@thessdrive.gr
    [password] => $2y$10$Zscjuuz7ScI25i1Wl35qce5nrUc8itkV7IecVLiIf9Siig58mtqTa
    [company_name] => Thessdrive IKE
    [phone] => 2310529803
    [address] => Κλαυδιανου
    [is_verified] => 1
    [created_at] => 2025-04-09 22:10:27
    [description] => 
    [website] => https://www.thessdrive.gr/
    [city] => Θεσσαλονίκη
    [country] => Ελλάδα
    [postal_code] => 54632
    [contact_person] => Κώστας Μιχαηλίδης
    [position] => Διευθυντής
    [vat_number] => 999476150
    [company_size] => 1-10 εργαζόμενοι
    [foundation_year] => 1997
    [industry] => Μεταφορές & Logistics
    [company_logo] => uploads/company_logos/2_1744264679_t_180x180.png
    [social_linkedin] => 
    [social_facebook] => 
    [social_twitter] => 
    [rating] => 
    [rating_count] => 0
    [last_login] => 2025-04-12 10:00:28
)

[2025-04-12 10:00:28] View Path: C:\wamp64\www\drivejob/src/Views/companies/profile.php, Exists: Yes
[2025-04-12 10:00:57] Company Controller Profile Method - Company ID: 2, Session: Array
(
    [csrf_token] => ce7bf1d41ec6dbc960a85705776133ee2afe5f630f44a9991e1f30dc8dd0f00e
    [user_id] => 2
    [role] => company
    [user_name] => Thessdrive IKE
)

[2025-04-12 10:00:57] Company Data Retrieved: Array
(
    [id] => 2
    [email] => info@thessdrive.gr
    [password] => $2y$10$Zscjuuz7ScI25i1Wl35qce5nrUc8itkV7IecVLiIf9Siig58mtqTa
    [company_name] => Thessdrive IKE
    [phone] => 2310529803
    [address] => Κλαυδιανου
    [is_verified] => 1
    [created_at] => 2025-04-09 22:10:27
    [description] => 
    [website] => https://www.thessdrive.gr/
    [city] => Θεσσαλονίκη
    [country] => Ελλάδα
    [postal_code] => 54632
    [contact_person] => Κώστας Μιχαηλίδης
    [position] => Διευθυντής
    [vat_number] => 999476150
    [company_size] => 1-10 εργαζόμενοι
    [foundation_year] => 1997
    [industry] => Μεταφορές & Logistics
    [company_logo] => uploads/company_logos/2_1744264679_t_180x180.png
    [social_linkedin] => 
    [social_facebook] => 
    [social_twitter] => 
    [rating] => 
    [rating_count] => 0
    [last_login] => 2025-04-12 10:00:28
)

[2025-04-12 10:00:57] View Path: C:\wamp64\www\drivejob/src/Views/companies/profile.php, Exists: Yes
