[2025-04-12 17:45:49] About to start session, status: 1
[2025-04-12 17:45:49] Session started, ID: 444te7fasd3rqaf4f23tu6i1si, Data: Array
(
    [csrf_token] => 048f866abd794c1fa93794a87e36ef96ec5c6c7d30a016049d267af55c05fe6a
    [user_id] => 26
    [role] => driver
    [user_name] => hotmail Κώστας
)

[2025-04-12 17:45:49] About to start session, status: 1
[2025-04-12 17:45:49] Session started, ID: iqcomen6jrgpfsf9coj25fjqvn, Data: Array
(
)

[2025-04-12 17:45:51] About to start session, status: 1
[2025-04-12 17:45:51] Session started, ID: iqcomen6jrgpfsf9coj25fjqvn, Data: Array
(
)

[2025-04-12 17:45:54] About to start session, status: 1
[2025-04-12 17:45:54] Session started, ID: iqcomen6jrgpfsf9coj25fjqvn, Data: Array
(
    [csrf_token] => 8597f0bd8a7472051d44e7fcb6381c0a46bc9b6fe413f93623caf5329b6aa7d0
)

[2025-04-12 17:45:54] About to start session, status: 1
[2025-04-12 17:45:54] Session started, ID: iqcomen6jrgpfsf9coj25fjqvn, Data: Array
(
    [csrf_token] => 8597f0bd8a7472051d44e7fcb6381c0a46bc9b6fe413f93623caf5329b6aa7d0
    [user_id] => 26
    [role] => driver
    [user_name] => hotmail Κώστας
)

[2025-04-12 17:45:55] About to start session, status: 1
[2025-04-12 17:45:55] Session started, ID: iqcomen6jrgpfsf9coj25fjqvn, Data: Array
(
    [csrf_token] => 3c414f2ab31542eeda59dedad5d65b7118b947e1174f0f0b785b03ea62fba64c
    [user_id] => 26
    [role] => driver
    [user_name] => hotmail Κώστας
)

