[2025-04-12 09:50:01] Logout started - Session before destruction: Array
(
    [csrf_token] => f24cef8da596a02f659d02401472700fd6990c4f138369e074a417d5c27ec128
    [user_id] => 2
    [role] => company
    [user_name] => Thessdrive IKE
)

[2025-04-12 09:50:01] Session destroyed, redirecting to home page
[2025-04-12 09:51:23] Logout started - Session before destruction: Array
(
    [csrf_token] => 8e032efc4a103015c47b40b0f47c6342fa90e3141df7ba2d199c8b105fe0ec6d
    [user_id] => 2
    [role] => company
    [user_name] => Thessdrive IKE
)

[2025-04-12 09:51:23] Session destroyed, redirecting to home page
[2025-04-12 09:54:12] Logout started - Session before destruction: Array
(
    [csrf_token] => e29d16102fd7aab59278f942ab407f1c5df856814a162edcbdb6c6275ec36d64
    [user_id] => 2
    [role] => company
    [user_name] => Thessdrive IKE
)

[2025-04-12 09:54:12] Session destroyed, redirecting to home page
[2025-04-12 09:56:26] Logout started - Session before destruction: Array
(
    [csrf_token] => d4fe4f43b9c0f510f3eee2bc4aa5689680804f5fba22e149d881286360134160
    [user_id] => 2
    [role] => company
    [user_name] => Thessdrive IKE
)

[2025-04-12 09:56:26] Session destroyed, redirecting to home page
[2025-04-12 10:00:24] Logout started - Session before destruction: Array
(
    [csrf_token] => 4bc4e8c7b3ea3a7919f8daae9f3592d633c530f016b7cf282c93c520e03d5ee9
    [user_id] => 26
    [role] => driver
    [user_name] => hotmail Κώστας
)

[2025-04-12 10:00:24] Session destroyed, redirecting to home page
[2025-04-12 10:08:01] Logout started - Session before destruction: Array
(
    [csrf_token] => 01ab0f73679f6e0e421b22fe9e9c0ae43e63bb8d4565683dbf6bbf65aa2c6e0c
    [user_id] => 2
    [role] => company
    [user_name] => Thessdrive IKE
)

[2025-04-12 10:08:01] Session destroyed, redirecting to home page
[2025-04-12 17:36:12] Logout started - Session before destruction: Array
(
    [csrf_token] => 95147ddf916bd043738ae60376e184f989c2d37c5e7c93c821c6f739eabd46b4
    [user_id] => 2
    [role] => company
    [user_name] => Thessdrive IKE
)

[2025-04-12 17:36:12] Session destroyed, redirecting to home page
[2025-04-12 17:36:24] Logout started - Session before destruction: Array
(
    [csrf_token] => e207b2e7f26075783657747767efdbd46cb5caf407d60025092f7929c4f5c190
    [user_id] => 26
    [role] => driver
    [user_name] => hotmail Κώστας
)

[2025-04-12 17:36:24] Session destroyed, redirecting to home page
[2025-04-12 17:45:17] Logout started - Session before destruction: Array
(
    [csrf_token] => 658c532f5d7474a6e10271a01f8844021c18ced2615c59a42cd423dca99c4413
    [user_id] => 2
    [role] => company
    [user_name] => Thessdrive IKE
)

[2025-04-12 17:45:17] Session destroyed, redirecting to home page
[2025-04-12 17:45:27] Logout started - Session before destruction: Array
(
    [csrf_token] => 34c065d688154228069534337c39500ee6066bbf334697d0b831b27e237cd9e9
    [user_id] => 2
    [role] => company
    [user_name] => Thessdrive IKE
)

[2025-04-12 17:45:27] Session destroyed, redirecting to home page
[2025-04-12 17:45:49] Logout started - Session before destruction: Array
(
    [csrf_token] => 048f866abd794c1fa93794a87e36ef96ec5c6c7d30a016049d267af55c05fe6a
    [user_id] => 26
    [role] => driver
    [user_name] => hotmail Κώστας
)

[2025-04-12 17:45:49] Session destroyed, redirecting to home page
[2025-04-12 17:54:09] Logout started - Session before destruction: Array
(
    [csrf_token] => 19d84470cbffaf024cd4d9d13c0556ab3eea6db5b576f11b4f9493a22e0084b5
    [user_id] => 2
    [role] => company
    [user_name] => Thessdrive IKE
)

[2025-04-12 17:54:09] Session destroyed, redirecting to home page
[2025-04-12 17:58:30] Logout started - Session before destruction: Array
(
    [csrf_token] => f7b79c145da8499c63ac55cb3b6f62feece2bc5870a4da7ff17caf002abdd4f7
    [user_id] => 2
    [role] => company
    [user_name] => Thessdrive IKE
)

[2025-04-12 17:58:30] Session destroyed, redirecting to home page
[2025-04-12 18:07:03] Logout started - Session before destruction: Array
(
    [csrf_token] => ada2af4b0592e51d5cc85ce81b9ad81429752fc6f52c8c74fc6c04f2b15dc623
    [user_id] => 26
    [role] => driver
    [user_name] => hotmail Κώστας
)

[2025-04-12 18:07:03] Session destroyed, redirecting to home page
[2025-04-12 18:08:37] Logout started - Session before destruction: Array
(
    [csrf_token] => 9785f373463048c8e5cc147f740d0e78013a36c4dfdf291b4df5824a3361c0d1
    [csrf_token_time] => 1744470510
    [user_id] => 2
    [role] => company
    [user_name] => Thessdrive IKE
)

[2025-04-12 18:08:37] Session destroyed, redirecting to home page
[2025-04-12 18:18:53] Logout started - Session before destruction: Array
(
    [csrf_token] => bb260522e2c31a357877b32deac535d1472475ac97483cd9ae28226405ada89e
    [csrf_token_time] => 1744470548
    [user_id] => 26
    [role] => driver
    [user_name] => hotmail Κώστας
)

[2025-04-12 18:18:53] Session destroyed, redirecting to home page
