[18-Apr-2025 07:55:40 UTC] --- Έναρξη ελέγχου αδειών που λήγουν: 2025-04-18 07:55:40 ---
[18-Apr-2025 10:55:40 Europe/Athens] Φόρτωση του bootstrap.php
[18-Apr-2025 10:55:40 Europe/Athens] Επιτυχής σύνδεση με τη βάση δεδομένων
[18-Apr-2025 10:55:40 Europe/Athens] Φόρτωση ρυθμίσεων ειδοποιήσεων από: C:\wamp64\www\drivejob/config/notifications.php
[18-Apr-2025 10:55:40 Europe/Athens] PHP Fatal error:  Uncaught Error: Call to undefined method Drivejob\Core\Logger::isInitialized() in C:\wamp64\www\drivejob\src\Services\NotificationServices.php:48
Stack trace:
#0 C:\wamp64\www\drivejob\public\cron\check_expiring_licenses.php(156): Drivejob\Services\NotificationServices->__construct(Object(PDO), Object(Drivejob\Services\EmailService), Object(Drivejob\Services\SmsService), Array)
#1 {main}
  thrown in C:\wamp64\www\drivejob\src\Services\NotificationServices.php on line 48
[18-Apr-2025 07:59:53 UTC] --- Έναρξη ελέγχου αδειών που λήγουν: 2025-04-18 07:59:53 ---
[18-Apr-2025 10:59:53 Europe/Athens] Φόρτωση του bootstrap.php
[18-Apr-2025 10:59:53 Europe/Athens] Επιτυχής σύνδεση με τη βάση δεδομένων
[18-Apr-2025 10:59:53 Europe/Athens] Φόρτωση ρυθμίσεων ειδοποιήσεων από: C:\wamp64\www\drivejob/config/notifications.php
[18-Apr-2025 10:59:53 Europe/Athens] Εκτέλεση ελέγχου για άδειες που λήγουν...
[18-Apr-2025 10:59:53 Europe/Athens] [2025-04-18 10:59:53] INFO [NotificationServices]: INFO

[18-Apr-2025 10:59:53 Europe/Athens] [2025-04-18 10:59:53] INFO [LicenseExpiryNotification]: INFO

[18-Apr-2025 10:59:53 Europe/Athens] [2025-04-18 10:59:53] INFO [LicenseExpiryNotification]: INFO

[18-Apr-2025 10:59:53 Europe/Athens] [2025-04-18 10:59:53] INFO [LicenseExpiryNotification]: ERROR

[18-Apr-2025 10:59:53 Europe/Athens] [2025-04-18 10:59:53] INFO [LicenseExpiryNotification]: INFO

[18-Apr-2025 10:59:53 Europe/Athens] [2025-04-18 10:59:53] INFO [LicenseExpiryNotification]: ERROR

[18-Apr-2025 10:59:53 Europe/Athens] [2025-04-18 10:59:53] INFO [LicenseExpiryNotification]: INFO

[18-Apr-2025 10:59:53 Europe/Athens] [2025-04-18 10:59:53] INFO [LicenseExpiryNotification]: ERROR

[18-Apr-2025 10:59:53 Europe/Athens] [2025-04-18 10:59:53] INFO [LicenseExpiryNotification]: INFO

[18-Apr-2025 10:59:53 Europe/Athens] [2025-04-18 10:59:53] INFO [LicenseExpiryNotification]: ERROR

[18-Apr-2025 10:59:53 Europe/Athens] [2025-04-18 10:59:53] INFO [LicenseExpiryNotification]: INFO

[18-Apr-2025 10:59:53 Europe/Athens] [2025-04-18 10:59:53] INFO [LicenseExpiryNotification]: ERROR

[18-Apr-2025 10:59:53 Europe/Athens] [2025-04-18 10:59:53] INFO [LicenseExpiryNotification]: INFO

[18-Apr-2025 10:59:53 Europe/Athens] [2025-04-18 10:59:53] INFO [LicenseExpiryNotification]: ERROR

[18-Apr-2025 10:59:53 Europe/Athens] [2025-04-18 10:59:53] INFO [LicenseExpiryNotification]: INFO

[18-Apr-2025 10:59:53 Europe/Athens] [2025-04-18 10:59:53] INFO [LicenseExpiryNotification]: ERROR

[18-Apr-2025 10:59:53 Europe/Athens] [2025-04-18 10:59:53] INFO [LicenseExpiryNotification]: INFO

[18-Apr-2025 10:59:53 Europe/Athens] [2025-04-18 10:59:53] INFO [LicenseExpiryNotification]: ERROR

[18-Apr-2025 10:59:53 Europe/Athens] [2025-04-18 10:59:53] INFO [LicenseExpiryNotification]: WARNING

[18-Apr-2025 10:59:53 Europe/Athens] [2025-04-18 10:59:53] INFO [LicenseExpiryNotification]: ERROR

[18-Apr-2025 10:59:53 Europe/Athens] [2025-04-18 10:59:53] INFO [LicenseExpiryNotification]: WARNING

[18-Apr-2025 10:59:53 Europe/Athens] [2025-04-18 10:59:53] INFO [LicenseExpiryNotification]: ERROR

[18-Apr-2025 10:59:53 Europe/Athens] [2025-04-18 10:59:53] INFO [LicenseExpiryNotification]: WARNING

[18-Apr-2025 10:59:53 Europe/Athens] [2025-04-18 10:59:53] INFO [LicenseExpiryNotification]: ERROR

[18-Apr-2025 10:59:53 Europe/Athens] [2025-04-18 10:59:53] INFO [LicenseExpiryNotification]: WARNING

[18-Apr-2025 10:59:53 Europe/Athens] [2025-04-18 10:59:53] INFO [LicenseExpiryNotification]: ERROR

[18-Apr-2025 10:59:53 Europe/Athens] [2025-04-18 10:59:53] INFO [LicenseExpiryNotification]: WARNING

[18-Apr-2025 10:59:53 Europe/Athens] [2025-04-18 10:59:53] INFO [LicenseExpiryNotification]: ERROR

[18-Apr-2025 10:59:53 Europe/Athens] [2025-04-18 10:59:53] INFO [LicenseExpiryNotification]: WARNING

[18-Apr-2025 10:59:53 Europe/Athens] [2025-04-18 10:59:53] INFO [NotificationServices]: INFO

[18-Apr-2025 10:59:53 Europe/Athens] [2025-04-18 10:59:53] INFO [NotificationServices]: INFO

[18-Apr-2025 10:59:53 Europe/Athens] [2025-04-18 10:59:53] INFO [NotificationServices]: INFO

[18-Apr-2025 10:59:53 Europe/Athens] [2025-04-18 10:59:53] INFO [NotificationServices]: INFO

[18-Apr-2025 10:59:53 Europe/Athens] [2025-04-18 10:59:53] INFO [NotificationServices]: INFO

[18-Apr-2025 10:59:53 Europe/Athens] [2025-04-18 10:59:53] INFO [NotificationServices]: INFO

[18-Apr-2025 10:59:53 Europe/Athens] [2025-04-18 10:59:53] INFO [NotificationServices]: INFO

[18-Apr-2025 10:59:53 Europe/Athens] Ολοκλήρωση ελέγχου.
[18-Apr-2025 10:59:53 Europe/Athens] Συνολικές ειδοποιήσεις που στάλθηκαν: 0
[18-Apr-2025 10:59:53 Europe/Athens] Κατηγορία driving_licenses: 0 ειδοποιήσεις
[18-Apr-2025 10:59:53 Europe/Athens] Κατηγορία pei: 0 ειδοποιήσεις
[18-Apr-2025 10:59:53 Europe/Athens] Κατηγορία adr_certificates: 0 ειδοποιήσεις
[18-Apr-2025 10:59:53 Europe/Athens] Κατηγορία tachograph_cards: 0 ειδοποιήσεις
[18-Apr-2025 10:59:53 Europe/Athens] Κατηγορία operator_licenses: 0 ειδοποιήσεις
[18-Apr-2025 10:59:53 Europe/Athens] Κατηγορία special_licenses: 0 ειδοποιήσεις
[18-Apr-2025 10:59:53 Europe/Athens] --- Επιτυχής ολοκλήρωση ελέγχου: 2025-04-18 10:59:53 ---
