[18-Apr-2025 10:02:46 Europe/Athens] POST Data: Array
(
    [csrf_token] => f2ff27c3b0e0a3a360409fd721d0d5d8a47b9a078d82de9a154d7d67b24ea630
    [first_name] => hotmail
    [last_name] => Κώστας
    [birth_date] => 1965-01-09
    [marital_status] => single
    [education_level] => secondary_high
    [military_service] => completed
    [about_me] => εςταςετ
    [experience_years] => 10
    [languages] => Array
        (
            [0] => german
            [1] => italian
        )

    [language_notes] => φδαγΔΓ
    [phone] => 6972964602
    [landline] => 2310528525
    [email] => kostas.michailidis@hotmail.gr
    [address] => Ολυμπου
    [house_number] => 32
    [postal_code] => 54631
    [city] => Θεσσαλονίκη
    [country] => Ελλάδα
    [social_linkedin] => 
    [social_facebook] => 
    [social_twitter] => 
    [social_instagram] => 
    [current_password] => 
    [new_password] => 
    [confirm_password] => 
    [driving_license] => 1
    [license_number] => 002640980
    [license_document_expiry] => 2028-01-09
    [license_codes] => 95,01.01
    [license_types] => Array
        (
            [0] => A
            [1] => B
            [2] => BE
            [3] => C
            [4] => CE
            [5] => D
            [6] => DE
        )

    [license_expiry] => Array
        (
            [A] => 2030-01-09
            [B] => 2030-01-01
            [BE] => 2030-01-01
            [C] => 2025-05-31
            [CE] => 2025-05-31
            [D] => 2025-05-31
            [DE] => 2025-05-31
        )

    [has_pei_c] => 1
    [pei_c_expiry] => 2026-05-31
    [has_pei_ce] => 1
    [has_pei_d] => 1
    [pei_d_expiry] => 2030-04-16
    [has_pei_de] => 1
    [adr_certificate] => 1
    [adr_certificate_number] => GR1235122
    [adr_certificate_expiry] => 2025-12-31
    [adr_certificate_type] => Π2
    [tachograph_card] => 1
    [tachograph_card_number] => gr1251511222
    [tachograph_card_expiry] => 2030-04-16
    [operator_license] => 1
    [operator_license_number] => 
    [operator_license_expiry] => 
    [operator_speciality] => 2
    [operator_sub_specialities] => Array
        (
            [0] => 2.1
            [1] => 2.2
        )

    [group_2_1] => B
    [group_2_2] => B
    [group_2_3] => B
    [group_2_4] => B
    [group_2_5] => B
    [group_2_6] => A
    [group_2_7] => A
    [group_2_8] => B
    [group_2_9] => A
    [special_license_type] => Array
        (
            [0] => 
        )

    [special_license_number] => Array
        (
            [0] => 
        )

    [special_license_expiry] => Array
        (
            [0] => 
        )

    [special_license_details] => Array
        (
            [0] => 
        )

    [training_details] => 
    [all_selected_subspecialities] => ["1.1","2.1","2.2"]
    [all_selected_groups] => {"1.1":"B","2.1":"A","2.2":"A"}
)

[18-Apr-2025 10:02:46 Europe/Athens] updateProfile data: Array
(
    [first_name] => hotmail
    [last_name] => Κώστας
    [phone] => 6972964602
    [landline] => 2310528525
    [birth_date] => 1965-01-09
    [address] => Ολυμπου
    [house_number] => 32
    [city] => Θεσσαλονίκη
    [country] => Ελλάδα
    [postal_code] => 54631
    [about_me] => εςταςετ
    [experience_years] => 10
    [available_for_work] => 0
    [preferred_job_type] => 
    [preferred_vehicle_type] => 
    [preferred_location] => 
    [preferred_radius] => 
    [salary_min] => 
    [salary_max] => 
    [salary_period] => 
    [social_linkedin] => 
    [social_facebook] => 
    [social_twitter] => 
    [social_instagram] => 
    [willing_to_relocate] => 0
    [willing_to_travel] => 0
    [license_number] => 002640980
    [license_document_expiry] => 2028-01-09
    [license_codes] => 95,01.01
    [marital_status] => single
    [education_level] => secondary_high
    [military_service] => completed
    [languages] => german,italian
    [language_notes] => φδαγΔΓ
)

[18-Apr-2025 10:02:46 Europe/Athens] Update SQL: UPDATE drivers SET `first_name` = ?, `last_name` = ?, `phone` = ?, `landline` = ?, `birth_date` = ?, `address` = ?, `house_number` = ?, `city` = ?, `country` = ?, `postal_code` = ?, `about_me` = ?, `experience_years` = ?, `available_for_work` = ?, `preferred_job_type` = NULL, `preferred_vehicle_type` = NULL, `preferred_location` = NULL, `preferred_radius` = NULL, `salary_min` = NULL, `salary_max` = NULL, `salary_period` = NULL, `social_linkedin` = ?, `social_facebook` = ?, `social_twitter` = ?, `social_instagram` = ?, `willing_to_relocate` = ?, `willing_to_travel` = ?, `license_number` = ?, `license_document_expiry` = ?, `license_codes` = ?, `marital_status` = ?, `education_level` = ?, `military_service` = ?, `languages` = ?, `language_notes` = ? WHERE id = ?
[18-Apr-2025 10:02:46 Europe/Athens] Update Values: Array
(
    [0] => hotmail
    [1] => Κώστας
    [2] => 6972964602
    [3] => 2310528525
    [4] => 1965-01-09
    [5] => Ολυμπου
    [6] => 32
    [7] => Θεσσαλονίκη
    [8] => Ελλάδα
    [9] => 54631
    [10] => εςταςετ
    [11] => 10
    [12] => 0
    [13] => 
    [14] => 
    [15] => 
    [16] => 
    [17] => 0
    [18] => 0
    [19] => 002640980
    [20] => 2028-01-09
    [21] => 95,01.01
    [22] => single
    [23] => secondary_high
    [24] => completed
    [25] => german,italian
    [26] => φδαγΔΓ
    [27] => 26
)

[18-Apr-2025 10:02:46 Europe/Athens] addDriverLicense - Driver ID: 26, Type: A, HasPEI: No
[18-Apr-2025 10:02:46 Europe/Athens] ExpiryDate: 2030-01-09, LicenseNumber: 002640980
[18-Apr-2025 10:02:46 Europe/Athens] PEI-C Expiry: , PEI-D Expiry: , Document Expiry: 2028-01-09
[18-Apr-2025 10:02:46 Europe/Athens] License added successfully
[18-Apr-2025 10:02:46 Europe/Athens] addDriverLicense - Driver ID: 26, Type: B, HasPEI: No
[18-Apr-2025 10:02:46 Europe/Athens] ExpiryDate: 2030-01-01, LicenseNumber: 002640980
[18-Apr-2025 10:02:46 Europe/Athens] PEI-C Expiry: , PEI-D Expiry: , Document Expiry: 2028-01-09
[18-Apr-2025 10:02:46 Europe/Athens] License added successfully
[18-Apr-2025 10:02:46 Europe/Athens] addDriverLicense - Driver ID: 26, Type: BE, HasPEI: No
[18-Apr-2025 10:02:46 Europe/Athens] ExpiryDate: 2030-01-01, LicenseNumber: 002640980
[18-Apr-2025 10:02:46 Europe/Athens] PEI-C Expiry: , PEI-D Expiry: , Document Expiry: 2028-01-09
[18-Apr-2025 10:02:46 Europe/Athens] License added successfully
[18-Apr-2025 10:02:46 Europe/Athens] addDriverLicense - Driver ID: 26, Type: C, HasPEI: Yes
[18-Apr-2025 10:02:46 Europe/Athens] ExpiryDate: 2025-05-31, LicenseNumber: 002640980
[18-Apr-2025 10:02:46 Europe/Athens] PEI-C Expiry: 2026-05-31, PEI-D Expiry: , Document Expiry: 2028-01-09
[18-Apr-2025 10:02:46 Europe/Athens] License added successfully
[18-Apr-2025 10:02:46 Europe/Athens] addDriverLicense - Driver ID: 26, Type: CE, HasPEI: Yes
[18-Apr-2025 10:02:46 Europe/Athens] ExpiryDate: 2025-05-31, LicenseNumber: 002640980
[18-Apr-2025 10:02:46 Europe/Athens] PEI-C Expiry: 2026-05-31, PEI-D Expiry: , Document Expiry: 2028-01-09
[18-Apr-2025 10:02:46 Europe/Athens] License added successfully
[18-Apr-2025 10:02:46 Europe/Athens] addDriverLicense - Driver ID: 26, Type: D, HasPEI: Yes
[18-Apr-2025 10:02:46 Europe/Athens] ExpiryDate: 2025-05-31, LicenseNumber: 002640980
[18-Apr-2025 10:02:46 Europe/Athens] PEI-C Expiry: , PEI-D Expiry: 2030-04-16, Document Expiry: 2028-01-09
[18-Apr-2025 10:02:46 Europe/Athens] License added successfully
[18-Apr-2025 10:02:46 Europe/Athens] addDriverLicense - Driver ID: 26, Type: DE, HasPEI: Yes
[18-Apr-2025 10:02:46 Europe/Athens] ExpiryDate: 2025-05-31, LicenseNumber: 002640980
[18-Apr-2025 10:02:46 Europe/Athens] PEI-C Expiry: , PEI-D Expiry: 2030-04-16, Document Expiry: 2028-01-09
[18-Apr-2025 10:02:46 Europe/Athens] License added successfully
[18-Apr-2025 10:02:46 Europe/Athens] updateDriverTachographCard - Data: Array
(
    [card_number] => gr1251511222
    [expiry_date] => 2030-04-16
)

[18-Apr-2025 10:02:46 Europe/Athens] updateDriverADRCertificate - Data: Array
(
    [adr_type] => Π2
    [certificate_number] => GR1235122
    [expiry_date] => 2025-12-31
)

[18-Apr-2025 10:02:46 Europe/Athens] ADR certificate updated successfully
[18-Apr-2025 10:02:46 Europe/Athens] [2025-04-18 10:02:46] INFO [OperatorLicense]: Έναρξη επεξεργασίας άδειας χειριστή για οδηγό 26

[18-Apr-2025 10:02:46 Europe/Athens] [2025-04-18 10:02:46] DEBUG [OperatorLicense]: Δεδομένα POST για άδεια χειριστή: Array
(
    [csrf_token] => f2ff27c3b0e0a3a360409fd721d0d5d8a47b9a078d82de9a154d7d67b24ea630
    [first_name] => hotmail
    [last_name] => Κώστας
    [birth_date] => 1965-01-09
    [marital_status] => single
    [education_level] => secondary_high
    [military_service] => completed
    [about_me] => εςταςετ
    [experience_years] => 10
    [languages] => Array
        (
            [0] => german
            [1] => italian
        )

    [language_notes] => φδαγΔΓ
    [phone] => 6972964602
    [landline] => 2310528525
    [email] => kostas.michailidis@hotmail.gr
    [address] => Ολυμπου
    [house_number] => 32
    [postal_code] => 54631
    [city] => Θεσσαλονίκη
    [country] => Ελλάδα
    [social_linkedin] => 
    [social_facebook] => 
    [social_twitter] => 
    [social_instagram] => 
    [current_password] => 
    [new_password] => 
    [confirm_password] => 
    [driving_license] => 1
    [license_number] => 002640980
    [license_document_expiry] => 2028-01-09
    [license_codes] => 95,01.01
    [license_types] => Array
        (
            [0] => A
            [1] => B
            [2] => BE
            [3] => C
            [4] => CE
            [5] => D
            [6] => DE
        )

    [license_expiry] => Array
        (
            [A] => 2030-01-09
            [B] => 2030-01-01
            [BE] => 2030-01-01
            [C] => 2025-05-31
            [CE] => 2025-05-31
            [D] => 2025-05-31
            [DE] => 2025-05-31
        )

    [has_pei_c] => 1
    [pei_c_expiry] => 2026-05-31
    [has_pei_ce] => 1
    [has_pei_d] => 1
    [pei_d_expiry] => 2030-04-16
    [has_pei_de] => 1
    [adr_certificate] => 1
    [adr_certificate_number] => GR1235122
    [adr_certificate_expiry] => 2025-12-31
    [adr_certificate_type] => Π2
    [tachograph_card] => 1
    [tachograph_card_number] => gr1251511222
    [tachograph_card_expiry] => 2030-04-16
    [operator_license] => 1
    [operator_license_number] => 
    [operator_license_expiry] => 
    [operator_speciality] => 2
    [operator_sub_specialities] => Array
        (
            [0] => 2.1
            [1] => 2.2
        )

    [group_2_1] => B
    [group_2_2] => B
    [group_2_3] => B
    [group_2_4] => B
    [group_2_5] => B
    [group_2_6] => A
    [group_2_7] => A
    [group_2_8] => B
    [group_2_9] => A
    [special_license_type] => Array
        (
            [0] => 
        )

    [special_license_number] => Array
        (
            [0] => 
        )

    [special_license_expiry] => Array
        (
            [0] => 
        )

    [special_license_details] => Array
        (
            [0] => 
        )

    [training_details] => 
    [all_selected_subspecialities] => ["1.1","2.1","2.2"]
    [all_selected_groups] => {"1.1":"B","2.1":"A","2.2":"A"}
)


[18-Apr-2025 10:02:46 Europe/Athens] [2025-04-18 10:02:46] INFO [OperatorLicense]: Στοιχεία άδειας χειριστή: {"speciality":"2","license_number":"","expiry_date":""}

[18-Apr-2025 10:02:46 Europe/Athens] [2025-04-18 10:02:46] INFO [DriversModel]: updateDriverOperatorLicense - Data: {"speciality":"2","license_number":"","expiry_date":""}

[18-Apr-2025 10:02:46 Europe/Athens] [2025-04-18 10:02:46] INFO [DriversModel]: Driver ID: 26

[18-Apr-2025 10:02:46 Europe/Athens] [2025-04-18 10:02:46] INFO [DriversModel]: Λήψη άδειας χειριστή για οδηγό: 26

[18-Apr-2025 10:02:46 Europe/Athens] [2025-04-18 10:02:46] INFO [DriversModel]: Βρέθηκε η άδεια χειριστή με ID: 11

[18-Apr-2025 10:02:46 Europe/Athens] [2025-04-18 10:02:46] INFO [DriversModel]: Existing license: {"id":11,"driver_id":26,"speciality":"1","expiry_date":null,"created_at":"2025-04-14 15:03:07","updated_at":"2025-04-18 10:00:12","license_number":""}

[18-Apr-2025 10:02:46 Europe/Athens] [2025-04-18 10:02:46] INFO [DriversModel]: Operator license updated successfully. License ID: 11

[18-Apr-2025 10:02:46 Europe/Athens] [2025-04-18 10:02:46] INFO [OperatorLicense]: ID άδειας χειριστή: 11

[18-Apr-2025 10:02:46 Europe/Athens] [2025-04-18 10:02:46] INFO [DriversModel]: Διαγραφή υποειδικοτήτων για άδεια χειριστή: 11

[18-Apr-2025 10:02:46 Europe/Athens] [2025-04-18 10:02:46] INFO [DriversModel]: Βρέθηκαν 3 υποειδικότητες για διαγραφή

[18-Apr-2025 10:02:46 Europe/Athens] [2025-04-18 10:02:46] INFO [DriversModel]: Διαγράφηκαν οι εγγραφές από τον πίνακα ομάδων

[18-Apr-2025 10:02:46 Europe/Athens] [2025-04-18 10:02:46] INFO [DriversModel]: Διαγραφή υποειδικοτήτων: Επιτυχία

[18-Apr-2025 10:02:46 Europe/Athens] [2025-04-18 10:02:46] INFO [OperatorLicense]: Διαγράφηκαν οι παλιές υποειδικότητες

[18-Apr-2025 10:02:46 Europe/Athens] [2025-04-18 10:02:46] DEBUG [OperatorLicense]: JSON υποειδικοτήτων: ["1.1","2.1","2.2"]

[18-Apr-2025 10:02:46 Europe/Athens] [2025-04-18 10:02:46] INFO [OperatorLicense]: Αποκωδικοποιήθηκαν 3 υποειδικότητες

[18-Apr-2025 10:02:46 Europe/Athens] [2025-04-18 10:02:46] DEBUG [OperatorLicense]: JSON ομάδων: {"1.1":"B","2.1":"A","2.2":"A"}

[18-Apr-2025 10:02:46 Europe/Athens] [2025-04-18 10:02:46] INFO [OperatorLicense]: Αποκωδικοποιήθηκαν οι ομάδες για 3 υποειδικότητες

[18-Apr-2025 10:02:46 Europe/Athens] [2025-04-18 10:02:46] INFO [OperatorLicense]: Προσθήκη υποειδικότητας: 1.1, Ομάδα: B

[18-Apr-2025 10:02:46 Europe/Athens] [2025-04-18 10:02:46] INFO [DriversModel]: Προσθήκη υποειδικότητας: license=11, subspeciality=1.1, group=B

[18-Apr-2025 10:02:46 Europe/Athens] [2025-04-18 10:02:46] INFO [DriversModel]: Η στήλη group_type υπάρχει

[18-Apr-2025 10:02:46 Europe/Athens] [2025-04-18 10:02:46] INFO [DriversModel]: Εισαγωγή με group_type: Επιτυχία

[18-Apr-2025 10:02:46 Europe/Athens] [2025-04-18 10:02:46] INFO [OperatorLicense]: Επιτυχής προσθήκη υποειδικότητας: 1.1

[18-Apr-2025 10:02:46 Europe/Athens] [2025-04-18 10:02:46] INFO [OperatorLicense]: Προσθήκη υποειδικότητας: 2.1, Ομάδα: A

[18-Apr-2025 10:02:46 Europe/Athens] [2025-04-18 10:02:46] INFO [DriversModel]: Προσθήκη υποειδικότητας: license=11, subspeciality=2.1, group=A

[18-Apr-2025 10:02:46 Europe/Athens] [2025-04-18 10:02:46] INFO [DriversModel]: Η στήλη group_type υπάρχει

[18-Apr-2025 10:02:46 Europe/Athens] [2025-04-18 10:02:46] INFO [DriversModel]: Εισαγωγή με group_type: Επιτυχία

[18-Apr-2025 10:02:46 Europe/Athens] [2025-04-18 10:02:46] INFO [OperatorLicense]: Επιτυχής προσθήκη υποειδικότητας: 2.1

[18-Apr-2025 10:02:46 Europe/Athens] [2025-04-18 10:02:46] INFO [OperatorLicense]: Προσθήκη υποειδικότητας: 2.2, Ομάδα: A

[18-Apr-2025 10:02:46 Europe/Athens] [2025-04-18 10:02:46] INFO [DriversModel]: Προσθήκη υποειδικότητας: license=11, subspeciality=2.2, group=A

[18-Apr-2025 10:02:46 Europe/Athens] [2025-04-18 10:02:46] INFO [DriversModel]: Η στήλη group_type υπάρχει

[18-Apr-2025 10:02:46 Europe/Athens] [2025-04-18 10:02:46] INFO [DriversModel]: Εισαγωγή με group_type: Επιτυχία

[18-Apr-2025 10:02:46 Europe/Athens] [2025-04-18 10:02:46] INFO [OperatorLicense]: Επιτυχής προσθήκη υποειδικότητας: 2.2

[18-Apr-2025 10:02:46 Europe/Athens] [2025-04-18 10:02:46] INFO [OperatorLicense]: Ολοκλήρωση επεξεργασίας άδειας χειριστή

